<?xml version="1.0" encoding="UTF-8"?>
<testng-results ignored="0" total="1" passed="1" failed="0" skipped="0">
  <reporter-output>
  </reporter-output>
  <suite started-at="2023-12-25T21:42:22 EST" name="Suite" finished-at="2023-12-25T21:42:29 EST" duration-ms="6747">
    <groups>
    </groups>
    <test started-at="2023-12-25T21:42:22 EST" name="Test" finished-at="2023-12-25T21:42:29 EST" duration-ms="6747">
      <class name="test_cases.LoginTest">
        <test-method is-config="true" signature="setupBrowser()[pri:0, instance:test_cases.LoginTest@2631f68c]" started-at="2023-12-25T21:42:22 EST" name="setupBrowser" finished-at="2023-12-25T21:42:24 EST" duration-ms="2589" status="PASS">
          <reporter-output>
          </reporter-output>
        </test-method> <!-- setupBrowser -->
        <test-method signature="logintoapp(java.lang.String,java.lang.String)[pri:0, instance:test_cases.LoginTest@2631f68c]" started-at="2023-12-25T21:42:25 EST" name="logintoapp" data-provider="EmpDataSet" finished-at="2023-12-25T21:42:28 EST" duration-ms="3422" status="PASS">
          <params>
            <param index="0">
              <value>
                <![CDATA[ineuron@ineuron.ai]]>
              </value>
            </param>
            <param index="1">
              <value>
                <![CDATA[ineuron]]>
              </value>
            </param>
          </params>
          <reporter-output>
          </reporter-output>
        </test-method> <!-- logintoapp -->
        <test-method is-config="true" signature="closebrowser()[pri:0, instance:test_cases.LoginTest@2631f68c]" started-at="2023-12-25T21:42:28 EST" name="closebrowser" finished-at="2023-12-25T21:42:29 EST" duration-ms="185" status="PASS">
          <reporter-output>
          </reporter-output>
        </test-method> <!-- closebrowser -->
      </class> <!-- test_cases.LoginTest -->
    </test> <!-- Test -->
  </suite> <!-- Suite -->
</testng-results>
